GroupOn/proguard-project.txt
# To enable ProGuard in your project, edit project.properties
# to define the proguard.config property as described in that file.
#
# Add project specific ProGuard rules here.
# By default, the flags in this file are appended to flags specified
# in ${sdk.dir}/tools/proguard/proguard-android.txt
# You can edit the include path and order by changing the ProGuard
# include property in project.properties.
#
# For more details, see
#   http://developer.android.com/guide/developing/tools/proguard.html

# Add any project specific keep options here:

# If your project uses WebView with JS, uncomment the following
# and specify the fully qualified class name to the JavaScript interface
# class:
#-keepclassmembers class fqcn.of.javascript.interface.for.webview {
#   public *;
#}

##---------------Begin: proguard configuration for Facebook SDK ----------

-keep class com.facebook.** { *; }
-keepattributes Signature

##---------------Begin: proguard configuration for GSON ----------

# Application classes that will be serialized/deserialized over Gson
-keep class com.groupon.go.model.** { *; }

##---------------Begin: proguard configuration for twitter4j  ----------

-keep class twitter4j.** { *; }
-dontwarn twitter4j.**

##---------------Begin: proguard configuration for GCM  ----------

-keep class * extends java.util.ListResourceBundle {
    protected Object[][] getContents();
}

-keep public class com.google.android.gms.common.internal.safeparcel.SafeParcelable {
    public static final *** NULL;
}

-keepnames @com.google.android.gms.common.annotation.KeepName class *

-keepclassmembernames class * {
    @com.google.android.gms.common.annotation.KeepName *;
}

-keepnames class * implements android.os.Parcelable {
    public static final ** CREATOR;
}

##---------------Begin: proguard configuration for PICASSO  ----------

-dontwarn com.squareup.okhttp.**

##---------------Begin: proguard configuration for Konotor  ----------

# Demach GSON files
-keep class com.google.gson.demach.** {
    <fields>;
    <methods>;
}

# Demach model
-keep class com.demach.** {
    <fields>;
    <methods>;
}

# Apache entity
-keep class org.apache.http.entity.** {
    <fields>;
    <methods>;
}

##---------------Begin: proguard configuration for mobileapptracker  ----------

-keep class com.mobileapptracker.** { *; }