GroupOn/proguard/seeds.txt
com.groupon.go.R$anim: int abc_fade_in
com.groupon.go.R$anim: int abc_fade_out
com.groupon.go.R$anim: int abc_slide_in_bottom
com.groupon.go.R$anim: int abc_slide_in_top
com.groupon.go.R$anim: int abc_slide_out_bottom
com.groupon.go.R$anim: int abc_slide_out_top
com.groupon.go.R$anim: int fade_in
com.groupon.go.R$anim: int konotor_disappear
com.groupon.go.R$anim: int konotor_grow_from_bottom
com.groupon.go.R$anim: int konotor_grow_from_bottomleft_to_topright
com.groupon.go.R$anim: int konotor_grow_from_bottomright_to_topleft
com.groupon.go.R$anim: int konotor_grow_from_top
com.groupon.go.R$anim: int konotor_grow_from_topleft_to_bottomright
com.groupon.go.R$anim: int konotor_grow_from_topright_to_bottomleft
com.groupon.go.R$anim: int konotor_pump_bottom
com.groupon.go.R$anim: int konotor_pump_top
com.groupon.go.R$anim: int konotor_rail
com.groupon.go.R$anim: int konotor_shrink_from_bottom
com.groupon.go.R$anim: int konotor_shrink_from_bottomleft_to_topright
com.groupon.go.R$anim: int konotor_shrink_from_bottomright_to_topleft
com.groupon.go.R$anim: int konotor_shrink_from_top
com.groupon.go.R$anim: int konotor_shrink_from_topleft_to_bottomright
com.groupon.go.R$anim: int konotor_shrink_from_topright_to_bottomleft
com.groupon.go.R$anim: int move
com.groupon.go.R$anim: int slide_in_up
com.groupon.go.R$anim: int slide_out_up
com.groupon.go.R$anim: int stay
com.groupon.go.R$array: int array_msg_progress_dialog
com.groupon.go.R$array: int drawer_item
com.groupon.go.R$array: int tab_title
com.groupon.go.R$array: int tab_title_coupons
com.groupon.go.R$array: int tab_titles_search_screen
com.groupon.go.R$array: int tab_titles_search_screen_temp
com.groupon.go.R$attr: int actionBarDivider
com.groupon.go.R$attr: int actionBarItemBackground
com.groupon.go.R$attr: int actionBarSize
com.groupon.go.R$attr: int actionBarSplitStyle
com.groupon.go.R$attr: int actionBarStyle
com.groupon.go.R$attr: int actionBarTabBarStyle
com.groupon.go.R$attr: int actionBarTabStyle
com.groupon.go.R$attr: int actionBarTabTextStyle
com.groupon.go.R$attr: int actionBarWidgetTheme
com.groupon.go.R$attr: int actionButtonStyle
com.groupon.go.R$attr: int actionDropDownStyle
com.groupon.go.R$attr: int actionLayout
com.groupon.go.R$attr: int actionMenuTextAppearance
com.groupon.go.R$attr: int actionMenuTextColor
com.groupon.go.R$attr: int actionModeBackground
com.groupon.go.R$attr: int actionModeCloseButtonStyle
com.groupon.go.R$attr: int actionModeCloseDrawable
com.groupon.go.R$attr: int actionModeCopyDrawable
com.groupon.go.R$attr: int actionModeCutDrawable
com.groupon.go.R$attr: int actionModeFindDrawable
com.groupon.go.R$attr: int actionModePasteDrawable
com.groupon.go.R$attr: int actionModePopupWindowStyle
com.groupon.go.R$attr: int actionModeSelectAllDrawable
com.groupon.go.R$attr: int actionModeShareDrawable
com.groupon.go.R$attr: int actionModeSplitBackground
com.groupon.go.R$attr: int actionModeStyle
com.groupon.go.R$attr: int actionModeWebSearchDrawable
com.groupon.go.R$attr: int actionOverflowButtonStyle
com.groupon.go.R$attr: int actionProviderClass
com.groupon.go.R$attr: int actionViewClass
com.groupon.go.R$bool: int abc_action_bar_embed_tabs_pre_jb
com.groupon.go.R$bool: int abc_action_bar_expanded_action_views_exclusive
com.groupon.go.R$bool: int abc_config_actionMenuItemAllCaps
com.groupon.go.R$bool: int abc_config_allowActionMenuItemTextWithIcon
com.groupon.go.R$bool: int abc_config_showMenuShortcutsWhenKeyboardPresent
com.groupon.go.R$bool: int abc_split_action_bar_is_narrow
com.groupon.go.R$bool: int default_circle_indicator_centered
com.groupon.go.R$bool: int default_circle_indicator_snap
com.groupon.go.R$bool: int default_line_indicator_centered
com.groupon.go.R$bool: int default_title_indicator_selected_bold
com.groupon.go.R$bool: int default_underline_indicator_fades
...
com.google.gson.demach.JsonSyntaxException
com.google.gson.demach.JsonSyntaxException: long serialVersionUID
com.google.gson.demach.JsonSyntaxException: JsonSyntaxException(java.lang.String)
com.google.gson.demach.JsonSyntaxException: JsonSyntaxException(java.lang.String,java.lang.Throwable)
com.google.gson.demach.JsonSyntaxException: JsonSyntaxException(java.lang.Throwable)
com.google.gson.demach.LongSerializationPolicy
com.google.gson.demach.LongSerializationPolicy: com.google.gson.demach.LongSerializationPolicy DEFAULT
com.google.gson.demach.LongSerializationPolicy: com.google.gson.demach.LongSerializationPolicy STRING
com.google.gson.demach.LongSerializationPolicy: com.google.gson.demach.LongSerializationPolicy[] $VALUES
com.google.gson.demach.LongSerializationPolicy: com.google.gson.demach.LongSerializationPolicy[] values()
com.google.gson.demach.LongSerializationPolicy: com.google.gson.demach.LongSerializationPolicy valueOf(java.lang.String)
com.google.gson.demach.LongSerializationPolicy: LongSerializationPolicy(java.lang.String,int)
com.google.gson.demach.LongSerializationPolicy: com.google.gson.demach.JsonElement serialize(java.lang.Long)
com.google.gson.demach.LongSerializationPolicy: LongSerializationPolicy(java.lang.String,int,com.google.gson.demach.LongSerializationPolicy$1)
com.google.gson.demach.LongSerializationPolicy: void <clinit>()
com.google.gson.demach.LongSerializationPolicy$1
com.google.gson.demach.LongSerializationPolicy$1: LongSerializationPolicy$1(java.lang.String,int)
com.google.gson.demach.LongSerializationPolicy$1: com.google.gson.demach.JsonElement serialize(java.lang.Long)
com.google.gson.demach.LongSerializationPolicy$2
com.google.gson.demach.LongSerializationPolicy$2: LongSerializationPolicy$2(java.lang.String,int)
com.google.gson.demach.LongSerializationPolicy$2: com.google.gson.demach.JsonElement serialize(java.lang.Long)
com.google.gson.demach.TreeTypeAdapter
com.google.gson.demach.TreeTypeAdapter: com.google.gson.demach.JsonSerializer serializer
com.google.gson.demach.TreeTypeAdapter: com.google.gson.demach.JsonDeserializer deserializer
com.google.gson.demach.TreeTypeAdapter: com.google.gson.demach.Gson gson
com.google.gson.demach.TreeTypeAdapter: com.google.gson.demach.reflect.TypeToken typeToken
com.google.gson.demach.TreeTypeAdapter: com.google.gson.demach.TypeAdapterFactory skipPast
com.google.gson.demach.TreeTypeAdapter: com.google.gson.demach.TypeAdapter delegate
com.google.gson.demach.TreeTypeAdapter: TreeTypeAdapter(com.google.gson.demach.JsonSerializer,com.google.gson.demach.JsonDeserializer,com.google.gson.demach.Gson,com.google.gson.demach.reflect.TypeToken,com.google.gson.demach.TypeAdapterFactory)
com.google.gson.demach.TreeTypeAdapter: java.lang.Object read(com.google.gson.demach.stream.JsonReader)
com.google.gson.demach.TreeTypeAdapter: void write(com.google.gson.demach.stream.JsonWriter,java.lang.Object)
com.google.gson.demach.TreeTypeAdapter: com.google.gson.demach.TypeAdapter delegate()
com.google.gson.demach.TreeTypeAdapter: com.google.gson.demach.TypeAdapterFactory newFactory(com.google.gson.demach.reflect.TypeToken,java.lang.Object)
com.google.gson.demach.TreeTypeAdapter: com.google.gson.demach.TypeAdapterFactory newFactoryWithMatchRawType(com.google.gson.demach.reflect.TypeToken,java.lang.Object)
com.google.gson.demach.TreeTypeAdapter$1