GroupOn/proguard/mapping.txt
com.groupon.go.R -> com.groupon.go.a:
com.groupon.go.R$styleable -> com.groupon.go.b:
    int[] ActionBar -> ActionBar
    int ActionBar_background -> ActionBar_background
    int ActionBar_backgroundSplit -> ActionBar_backgroundSplit
    int ActionBar_backgroundStacked -> ActionBar_backgroundStacked
    int ActionBar_customNavigationLayout -> ActionBar_customNavigationLayout
    int ActionBar_displayOptions -> ActionBar_displayOptions
    int ActionBar_divider -> ActionBar_divider
    int ActionBar_height -> ActionBar_height
    int ActionBar_homeLayout -> ActionBar_homeLayout
    int ActionBar_icon -> ActionBar_icon
    int ActionBar_indeterminateProgressStyle -> ActionBar_indeterminateProgressStyle
    int ActionBar_itemPadding -> ActionBar_itemPadding
    int ActionBar_logo -> ActionBar_logo
    int ActionBar_navigationMode -> ActionBar_navigationMode
    int ActionBar_progressBarPadding -> ActionBar_progressBarPadding
    int ActionBar_progressBarStyle -> ActionBar_progressBarStyle
    int ActionBar_subtitle -> ActionBar_subtitle
    int ActionBar_subtitleTextStyle -> ActionBar_subtitleTextStyle
    int ActionBar_title -> ActionBar_title
    int ActionBar_titleTextStyle -> ActionBar_titleTextStyle
    int[] ActionBarLayout -> ActionBarLayout
    int ActionBarLayout_android_layout_gravity -> ActionBarLayout_android_layout_gravity
    int[] ActionBarWindow -> ActionBarWindow
    int ActionBarWindow_windowActionBar -> ActionBarWindow_windowActionBar
com.groupon.go.application.AppStaticVars -> com.groupon.go.application.a:
    boolean LOCATION_OR_GPS_DIALOG_SHOWN -> a
    boolean CONNECTING_LOCATION_CLIENT -> b
    java.lang.String REVERSE_GEO_CODED_CITY -> c
    boolean REQUEST_FIRST_PAGE_ON_HOME -> d
    boolean REQUEST_REFRESH_PAGES_ON_HOME -> e
    void resetDefaults(android.content.Context) -> a
com.groupon.go.application.GrouponGoApp -> com.groupon.go.application.GrouponGoApp:
    java.lang.String LOG_TAG -> b
    com.google.android.gms.analytics.Tracker mGoogleAnalyticsTracker -> c
    com.mobileapptracker.MobileAppTracker mMobileAppTracker -> d
    com.groupon.go.database.MyPurchasesHelper mMyPurchasesHelper -> e
    void onCreate() -> onCreate
    void onAppStateSwitched(boolean) -> a
    com.google.android.gms.analytics.Tracker getGoogleAnalyticsTracker() -> a
    com.mobileapptracker.MobileAppTracker getMobileAppTracker() -> b
    com.groupon.go.database.MyPurchasesHelper getMyPurchasesHelper() -> c
com.groupon.go.controller.DealsController -> com.groupon.go.a.a:
    java.lang.Object getData(int,java.lang.Object) -> a
    void parseResponse(com.kelltontech.network.ServiceResponse) -> a
    void parseRedeemVoucherResponse(com.kelltontech.network.ServiceResponse) -> e
    void parseDealsListResponse(com.kelltontech.network.ServiceResponse) -> f
    void parseDealDetailResponse(com.kelltontech.network.ServiceResponse) -> g
    void parseSearchSuggestionsResponse(com.kelltontech.network.ServiceResponse) -> h
    void parseAllOrdersResponse(com.kelltontech.network.ServiceResponse) -> i
    void parseMyPurchasesResponse(com.kelltontech.network.ServiceResponse) -> j
...
com.mobileapptracker.d -> com.mobileapptracker.d:
    java.lang.String a -> a
    java.lang.String b -> b
    void run() -> run
com.mobileapptracker.e -> com.mobileapptracker.e:
    java.lang.String a -> a
    com.mobileapptracker.MobileAppTracker b -> b
    void run() -> run
com.mobileapptracker.f -> com.mobileapptracker.f:
    java.lang.String a -> a
    com.mobileapptracker.MobileAppTracker b -> b
    void run() -> run
com.mobileapptracker.g -> com.mobileapptracker.g:
    java.lang.String a -> a
    com.mobileapptracker.MobileAppTracker b -> b
    void run() -> run
com.mobileapptracker.h -> com.mobileapptracker.h:
    java.lang.String a -> a
    com.mobileapptracker.MobileAppTracker b -> b
    void run() -> run
com.mobileapptracker.i -> com.mobileapptracker.i:
    java.lang.String a -> a
    com.mobileapptracker.MobileAppTracker b -> b
    void run() -> run
com.mobileapptracker.j -> com.mobileapptracker.j:
    int a -> a
    com.mobileapptracker.MobileAppTracker b -> b
    void run() -> run
com.mobileapptracker.k -> com.mobileapptracker.k:
    double a -> a
    com.mobileapptracker.MobileAppTracker b -> b
    void run() -> run
com.mobileapptracker.l -> com.mobileapptracker.l:
    java.lang.String a -> a
    com.mobileapptracker.MobileAppTracker b -> b
    void run() -> run
com.mobileapptracker.m -> com.mobileapptracker.m:
    boolean a -> a
    com.mobileapptracker.MobileAppTracker b -> b
    void run() -> run
com.mobileapptracker.n -> com.mobileapptracker.n:
    java.lang.String a -> a
    com.mobileapptracker.MobileAppTracker b -> b
    void run() -> run
com.mobileapptracker.o -> com.mobileapptracker.o:
    com.mobileapptracker.MobileAppTracker a -> a
    void onReceive(android.content.Context,android.content.Intent) -> onReceive
com.mobileapptracker.p -> com.mobileapptracker.p:
    java.lang.String a -> a
    com.mobileapptracker.MobileAppTracker b -> b
    void run() -> run
com.mobileapptracker.q -> com.mobileapptracker.q:
    java.lang.String a -> a
    com.mobileapptracker.MobileAppTracker b -> b
    void run() -> run
com.mobileapptracker.r -> com.mobileapptracker.r:
    java.lang.String a -> a
    com.mobileapptracker.MobileAppTracker b -> b
    void run() -> run
com.mobileapptracker.s -> com.mobileapptracker.s:
    int a -> a
    com.mobileapptracker.MobileAppTracker b -> b
    void run() -> run
com.mobileapptracker.t -> com.mobileapptracker.t:
    int a -> a
    com.mobileapptracker.MobileAppTracker b -> b
    void run() -> run
com.mobileapptracker.u -> com.mobileapptracker.u:
    java.lang.String a -> a
    com.mobileapptracker.MobileAppTracker b -> b
    void run() -> run
com.mobileapptracker.v -> com.mobileapptracker.v:
    float a -> a
    com.mobileapptracker.MobileAppTracker b -> b
    void run() -> run
com.mobileapptracker.w -> com.mobileapptracker.w:
    java.util.Date a -> a
    com.mobileapptracker.MobileAppTracker b -> b
    void run() -> run
com.mobileapptracker.x -> com.mobileapptracker.x:
    java.util.Date a -> a
    com.mobileapptracker.MobileAppTracker b -> b
    void run() -> run
com.mobileapptracker.y -> com.mobileapptracker.y:
    java.lang.String a -> a
    com.mobileapptracker.MobileAppTracker b -> b
    void run() -> run
com.mobileapptracker.z -> com.mobileapptracker.z:
    com.mobileapptracker.MobileAppTracker a -> a
    void run() -> run