GroupOn/proguard/usage.txt
com.groupon.go.BuildConfig
com.groupon.go.Manifest
com.groupon.go.Manifest$permission
com.groupon.go.R:
    10:10:public R()
com.groupon.go.R$anim
com.groupon.go.R$array
com.groupon.go.R$attr
com.groupon.go.R$bool
com.groupon.go.R$color
com.groupon.go.R$dimen
com.groupon.go.R$drawable
com.groupon.go.R$id
com.groupon.go.R$integer
com.groupon.go.R$layout
com.groupon.go.R$menu
com.groupon.go.R$raw
com.groupon.go.R$string
com.groupon.go.R$style
com.groupon.go.R$styleable:
    3661:3661:public R$styleable()
com.groupon.go.R$xml
com.groupon.go.application.AppStaticVars:
    23:23:public AppStaticVars()
com.groupon.go.constants.ApiConstants
com.groupon.go.constants.Constants
com.groupon.go.controller.DealsController:
    private static final java.lang.String LOG_TAG
com.groupon.go.controller.PaymentController:
    private static final java.lang.String LOG_TAG
com.groupon.go.controller.RegistrationController:
    private static final java.lang.String LOG_TAG
com.groupon.go.controller.ReverseGeoController:
    private static final java.lang.String LOG_TAG
    private static final java.lang.String GOOGLE_REVERSE_GEO_API_URL
    private static final java.lang.String JSON_KEY_RESULTS
    private static final java.lang.String JSON_KEY_ADDRESS_COMPONENTS
    private static final java.lang.String JSON_KEY_TYPES
    private static final java.lang.String JSON_KEY_LOCALITY
    private static final java.lang.String JSON_KEY_LONG_NAME
com.groupon.go.controller.SharingDealsController:
    private static final java.lang.String LOG_TAG
com.groupon.go.controller.UserProfileController:
    private static final java.lang.String LOG_TAG
com.groupon.go.database.MyCouponLocationsTable:
    private static final java.lang.String CN_ORDER_ID
    private static final java.lang.String CN_DEAL_ID
    private static final java.lang.String CN_OFFER_ID
    private static final java.lang.String CN_MERCHANT_ID
    private static final java.lang.String CN_MERCHANT_NAME
    private static final java.lang.String CN_ADDRESS_ID
    private static final java.lang.String CN_LATITUDE
    private static final java.lang.String CN_LONGITUDE
    private static final java.lang.String CN_VOUCHERS
    private static final java.lang.String CN_LAST_NOTIFIED_AT
    public static final java.lang.String TN_MY_OFFER_LOCATIONS
    94:96:public java.util.ArrayList getNotifiableCoupons()
    103:105:public java.util.ArrayList getAllCoupons(int)
com.groupon.go.database.MyOffersTable:
    private static final java.lang.String CN_PURCHASE_KEY
    private static final java.lang.String CN_OFFER_ID
    private static final java.lang.String CN_OFFER_WEIGHT
    private static final java.lang.String CN_OFFER_DESCRIPTION
    private static final java.lang.String CN_OFFER_PRICE
    private static final java.lang.String CN_EXP_EXPEND_FOR
    private static final java.lang.String CN_EXP_EXPEND_PRICE
    private static final java.lang.String CN_DISC_MONEY_VALUE
    private static final java.lang.String CN_DISC_MONEY_PERCENTAGE
    private static final java.lang.String CN_MIN_PURCHASE_VALUE
    private static final java.lang.String CN_OFFER_START_DATE
    private static final java.lang.String CN_OFFER_END_DATE
    private static final java.lang.String CN_OFFER_START_TIME
    private static final java.lang.String CN_OFFER_REDEM_END_DATE
    private static final java.lang.String CN_OFFER_REDEM_START_TIME
    private static final java.lang.String CN_OFFER_REDEM_END_TIME
    private static final java.lang.String CN_OFFER_EXPIRY_TIMESTAMP
    private static final java.lang.String CN_OFFER_VALID_DAYS
    private static final java.lang.String CN_QUANTITY
    private static final java.lang.String CN_VOUCHER_COUNT
    private static final java.lang.String CN_VOUCHER_CODES
    public static final java.lang.String TN_MY_OFFERS
com.groupon.go.database.MyPurchasesHelper:
    private static final java.lang.String LOG_TAG
...
com.google.gson.TypeAdapter:
    141:143:public final void toJson(java.io.Writer,java.lang.Object)
    186:186:public final com.google.gson.TypeAdapter nullSafe()
    215:217:public final java.lang.String toJson(java.lang.Object)
    255:256:public final java.lang.Object fromJson(java.io.Reader)
    269:269:public final java.lang.Object fromJson(java.lang.String)
    280:283:public final java.lang.Object fromJsonTree(com.google.gson.JsonElement)
com.google.gson.TypeAdapter$1
com.google.gson.internal.$Gson$Preconditions:
    32:32:public $Gson$Preconditions()
com.google.gson.internal.$Gson$Types:
    45:45:private $Gson$Types()
com.google.gson.internal.$Gson$Types$GenericArrayTypeImpl:
    private static final long serialVersionUID
com.google.gson.internal.$Gson$Types$ParameterizedTypeImpl:
    private static final long serialVersionUID
com.google.gson.internal.$Gson$Types$WildcardTypeImpl:
    private static final long serialVersionUID
com.google.gson.internal.Excluder:
    private static final double IGNORE_VERSIONS
    70:72:public com.google.gson.internal.Excluder withVersion(double)
    76:81:public varargs com.google.gson.internal.Excluder withModifiers(int[])
    85:87:public com.google.gson.internal.Excluder disableInnerClassSerialization()
    91:93:public com.google.gson.internal.Excluder excludeFieldsWithoutExposeAnnotation()
    98:108:public com.google.gson.internal.Excluder withExclusionStrategy(com.google.gson.ExclusionStrategy,boolean,boolean)
com.google.gson.internal.LazilyParsedNumber:
    76:76:private java.lang.Object writeReplace()
com.google.gson.internal.LinkedTreeMap:
    625:625:private java.lang.Object writeReplace()
com.google.gson.internal.Primitives:
    32:32:private Primitives()
    80:80:public static boolean isWrapperType(java.lang.reflect.Type)
    113:115:public static java.lang.Class unwrap(java.lang.Class)
com.google.gson.internal.Streams:
    35:79:public Streams()
    40:60:public static com.google.gson.JsonElement parse(com.google.gson.stream.JsonReader)
    72:72:public static java.io.Writer writerForAppendable(java.lang.Appendable)
com.google.gson.internal.Streams$1
com.google.gson.internal.Streams$AppendableWriter
com.google.gson.internal.Streams$AppendableWriter$CurrentWrite
com.google.gson.internal.bind.JsonTreeReader:
    53:55:public JsonTreeReader(com.google.gson.JsonElement)
com.google.gson.internal.bind.JsonTreeWriter:
    163:167:public com.google.gson.stream.JsonWriter value(double)
com.google.gson.internal.bind.TypeAdapters:
    58:58:private TypeAdapters()
    769:769:public static com.google.gson.TypeAdapterFactory newFactory(com.google.gson.reflect.TypeToken,com.google.gson.TypeAdapter)
com.google.gson.internal.bind.TypeAdapters$23:
    private static final java.lang.String YEAR
    private static final java.lang.String MONTH
    private static final java.lang.String DAY_OF_MONTH
    private static final java.lang.String HOUR_OF_DAY
    private static final java.lang.String MINUTE
    private static final java.lang.String SECOND
com.google.gson.internal.bind.TypeAdapters$27
com.google.gson.reflect.TypeToken:
    112:112:public boolean isAssignableFrom(java.lang.Class)
    123:140:public boolean isAssignableFrom(java.lang.reflect.Type)
    153:153:public boolean isAssignableFrom(com.google.gson.reflect.TypeToken)
    161:178:private static boolean isAssignableFrom(java.lang.reflect.Type,java.lang.reflect.GenericArrayType)
    188:231:private static boolean isAssignableFrom(java.lang.reflect.Type,java.lang.reflect.ParameterizedType,java.util.Map)
    240:250:private static boolean typeEquals(java.lang.reflect.ParameterizedType,java.lang.reflect.ParameterizedType,java.util.Map)
    257:265:private static varargs java.lang.AssertionError buildUnexpectedTypeError(java.lang.reflect.Type,java.lang.Class[])
    273:273:private static boolean matches(java.lang.reflect.Type,java.lang.reflect.Type,java.util.Map)